# JRE version: 7.0_13-b20
# Java VM: Java HotSpot(TM) 64-Bit Server VM (23.7-b01 mixed mode bsd-amd64 compressed oops)
Heap
 PSYoungGen      total 193088K, used 157306K [0x00000007d5560000, 0x00000007e5300000, 0x0000000800000000)
  eden space 152064K, 84% used [0x00000007d5560000,0x00000007dd3316d0,0x00000007de9e0000)
  from space 41024K, 69% used [0x00000007de9e0000,0x00000007e05ad478,0x00000007e11f0000)
  to   space 42368K, 0% used [0x00000007e29a0000,0x00000007e29a0000,0x00000007e5300000)
 ParOldGen       total 119744K, used 61014K [0x0000000780000000, 0x00000007874f0000, 0x00000007d5560000)
  object space 119744K, 50% used [0x0000000780000000,0x0000000783b95878,0x00000007874f0000)
 PSPermGen       total 43520K, used 43471K [0x0000000700000000, 0x0000000702a80000, 0x0000000780000000)
  object space 43520K, 99% used [0x0000000700000000,0x0000000702a73ff8,0x0000000702a80000)
GC Heap History (10 events):
Event: 10.934 GC heap before
{Heap before GC invocations=8 (full 1):
 PSYoungGen      total 117504K, used 28448K [0x00000007d5560000, 0x00000007e5580000, 0x0000000800000000)
  eden space 89024K, 0% used [0x00000007d5560000,0x00000007d5560000,0x00000007dac50000)
  from space 28480K, 99% used [0x00000007dac50000,0x00000007dc818030,0x00000007dc820000)
  to   space 42112K, 0% used [0x00000007e2c60000,0x00000007e2c60000,0x00000007e5580000)
 ParOldGen       total 60992K, used 55099K [0x0000000780000000, 0x0000000783b90000, 0x00000007d5560000)
  object space 60992K, 90% used [0x0000000780000000,0x00000007835cedd0,0x0000000783b90000)
 PSPermGen       total 21248K, used 19698K [0x0000000700000000, 0x00000007014c0000, 0x0000000780000000)
  object space 21248K, 92% used [0x0000000700000000,0x000000070133cb20,0x00000007014c0000)
Event: 11.858 GC heap after
Heap after GC invocations=8 (full 1):
 PSYoungGen      total 117504K, used 10977K [0x00000007d5560000, 0x00000007e5580000, 0x0000000800000000)
  eden space 89024K, 0% used [0x00000007d5560000,0x00000007d5560000,0x00000007dac50000)
  from space 28480K, 38% used [0x00000007dac50000,0x00000007db708760,0x00000007dc820000)
  to   space 42112K, 0% used [0x00000007e2c60000,0x00000007e2c60000,0x00000007e5580000)
 ParOldGen       total 119744K, used 60990K [0x0000000780000000, 0x00000007874f0000, 0x00000007d5560000)
  object space 119744K, 50% used [0x0000000780000000,0x0000000783b8f878,0x00000007874f0000)
 PSPermGen       total 39680K, used 19691K [0x0000000700000000, 0x00000007026c0000, 0x0000000780000000)
  object space 39680K, 49% used [0x0000000700000000,0x000000070133aff0,0x00000007026c0000)
}
Event: 15.532 GC heap before
{Heap before GC invocations=9 (full 1):
 PSYoungGen      total 117504K, used 100001K [0x00000007d5560000, 0x00000007e5580000, 0x0000000800000000)
  eden space 89024K, 100% used [0x00000007d5560000,0x00000007dac50000,0x00000007dac50000)
  from space 28480K, 38% used [0x00000007dac50000,0x00000007db708760,0x00000007dc820000)
  to   space 42112K, 0% used [0x00000007e2c60000,0x00000007e2c60000,0x00000007e5580000)
 ParOldGen       total 119744K, used 60990K [0x0000000780000000, 0x00000007874f0000, 0x00000007d5560000)
  object space 119744K, 50% used [0x0000000780000000,0x0000000783b8f878,0x00000007874f0000)
 PSPermGen       total 39680K, used 21169K [0x0000000700000000, 0x00000007026c0000, 0x0000000780000000)
  object space 39680K, 53% used [0x0000000700000000,0x00000007014ac5e0,0x00000007026c0000)
Event: 15.654 GC heap after
Heap after GC invocations=9 (full 1):
 PSYoungGen      total 145344K, used 19615K [0x00000007d5560000, 0x00000007e3f90000, 0x0000000800000000)
  eden space 125696K, 0% used [0x00000007d5560000,0x00000007d5560000,0x00000007dd020000)
  from space 19648K, 99% used [0x00000007e2c60000,0x00000007e3f87fe0,0x00000007e3f90000)
  to   space 40192K, 0% used [0x00000007df110000,0x00000007df110000,0x00000007e1850000)
 ParOldGen       total 119744K, used 60998K [0x0000000780000000, 0x00000007874f0000, 0x00000007d5560000)
  object space 119744K, 50% used [0x0000000780000000,0x0000000783b91878,0x00000007874f0000)
 PSPermGen       total 39680K, used 21169K [0x0000000700000000, 0x00000007026c0000, 0x0000000780000000)
  object space 39680K, 53% used [0x0000000700000000,0x00000007014ac5e0,0x00000007026c0000)
}
Event: 19.351 GC heap before
{Heap before GC invocations=10 (full 1):
 PSYoungGen      total 145344K, used 145311K [0x00000007d5560000, 0x00000007e3f90000, 0x0000000800000000)
  eden space 125696K, 100% used [0x00000007d5560000,0x00000007dd020000,0x00000007dd020000)
  from space 19648K, 99% used [0x00000007e2c60000,0x00000007e3f87fe0,0x00000007e3f90000)
  to   space 40192K, 0% used [0x00000007df110000,0x00000007df110000,0x00000007e1850000)
 ParOldGen       total 119744K, used 60998K [0x0000000780000000, 0x00000007874f0000, 0x00000007d5560000)
  object space 119744K, 50% used [0x0000000780000000,0x0000000783b91878,0x00000007874f0000)
 PSPermGen       total 39680K, used 26524K [0x0000000700000000, 0x00000007026c0000, 0x0000000780000000)
  object space 39680K, 66% used [0x0000000700000000,0x00000007019e73d8,0x00000007026c0000)
Event: 19.414 GC heap after
Heap after GC invocations=10 (full 1):
 PSYoungGen      total 176064K, used 22657K [0x00000007d5560000, 0x00000007e38c0000, 0x0000000800000000)
  eden space 153344K, 0% used [0x00000007d5560000,0x00000007d5560000,0x00000007deb20000)
  from space 22720K, 99% used [0x00000007df110000,0x00000007e07307d0,0x00000007e0740000)
  to   space 39744K, 0% used [0x00000007e11f0000,0x00000007e11f0000,0x00000007e38c0000)
 ParOldGen       total 119744K, used 61006K [0x0000000780000000, 0x00000007874f0000, 0x00000007d5560000)
  object space 119744K, 50% used [0x0000000780000000,0x0000000783b93878,0x00000007874f0000)
 PSPermGen       total 39680K, used 26524K [0x0000000700000000, 0x00000007026c0000, 0x0000000780000000)
  object space 39680K, 66% used [0x0000000700000000,0x00000007019e73d8,0x00000007026c0000)
}
Event: 49.218 GC heap before
{Heap before GC invocations=11 (full 1):
 PSYoungGen      total 176064K, used 176001K [0x00000007d5560000, 0x00000007e38c0000, 0x0000000800000000)
  eden space 153344K, 100% used [0x00000007d5560000,0x00000007deb20000,0x00000007deb20000)
  from space 22720K, 99% used [0x00000007df110000,0x00000007e07307d0,0x00000007e0740000)
  to   space 39744K, 0% used [0x00000007e11f0000,0x00000007e11f0000,0x00000007e38c0000)
 ParOldGen       total 119744K, used 61006K [0x0000000780000000, 0x00000007874f0000, 0x00000007d5560000)
  object space 119744K, 50% used [0x0000000780000000,0x0000000783b93878,0x00000007874f0000)
 PSPermGen       total 39680K, used 33301K [0x0000000700000000, 0x00000007026c0000, 0x0000000780000000)
  object space 39680K, 83% used [0x0000000700000000,0x00000007020855d0,0x00000007026c0000)
Event: 49.307 GC heap after
Heap after GC invocations=11 (full 1):
 PSYoungGen      total 191808K, used 27394K [0x00000007d5560000, 0x00000007e56d0000, 0x0000000800000000)
  eden space 152064K, 0% used [0x00000007d5560000,0x00000007d5560000,0x00000007de9e0000)
  from space 39744K, 68% used [0x00000007e11f0000,0x00000007e2cb0820,0x00000007e38c0000)
  to   space 41024K, 0% used [0x00000007de9e0000,0x00000007de9e0000,0x00000007e11f0000)
 ParOldGen       total 119744K, used 61006K [0x0000000780000000, 0x00000007874f0000, 0x00000007d5560000)
  object space 119744K, 50% used [0x0000000780000000,0x0000000783b93878,0x00000007874f0000)
 PSPermGen       total 39680K, used 33301K [0x0000000700000000, 0x00000007026c0000, 0x0000000780000000)
  object space 39680K, 83% used [0x0000000700000000,0x00000007020855d0,0x00000007026c0000)
}
Event: 143.238 GC heap before
{Heap before GC invocations=12 (full 1):
 PSYoungGen      total 191808K, used 179458K [0x00000007d5560000, 0x00000007e56d0000, 0x0000000800000000)
  eden space 152064K, 100% used [0x00000007d5560000,0x00000007de9e0000,0x00000007de9e0000)
  from space 39744K, 68% used [0x00000007e11f0000,0x00000007e2cb0820,0x00000007e38c0000)
  to   space 41024K, 0% used [0x00000007de9e0000,0x00000007de9e0000,0x00000007e11f0000)
 ParOldGen       total 119744K, used 61006K [0x0000000780000000, 0x00000007874f0000, 0x00000007d5560000)
  object space 119744K, 50% used [0x0000000780000000,0x0000000783b93878,0x00000007874f0000)
 PSPermGen       total 42368K, used 42281K [0x0000000700000000, 0x0000000702960000, 0x0000000780000000)
  object space 42368K, 99% used [0x0000000700000000,0x000000070294a6d8,0x0000000702960000)
Event: 143.331 GC heap after
Heap after GC invocations=12 (full 1):
 PSYoungGen      total 193088K, used 28469K [0x00000007d5560000, 0x00000007e5300000, 0x0000000800000000)
  eden space 152064K, 0% used [0x00000007d5560000,0x00000007d5560000,0x00000007de9e0000)
  from space 41024K, 69% used [0x00000007de9e0000,0x00000007e05ad478,0x00000007e11f0000)
  to   space 42368K, 0% used [0x00000007e29a0000,0x00000007e29a0000,0x00000007e5300000)
 ParOldGen       total 119744K, used 61014K [0x0000000780000000, 0x00000007874f0000, 0x00000007d5560000)
  object space 119744K, 50% used [0x0000000780000000,0x0000000783b95878,0x00000007874f0000)
 PSPermGen       total 42368K, used 42281K [0x0000000700000000, 0x0000000702960000, 0x0000000780000000)
  object space 42368K, 99% used [0x0000000700000000,0x000000070294a6d8,0x0000000702960000)
}

