# JRE version: 7.0_13-b20
# Java VM: Java HotSpot(TM) 64-Bit Server VM (23.7-b01 mixed mode bsd-amd64 compressed oops)
Heap
 PSYoungGen      total 521536K, used 221114K [0x00000007d5560000, 0x0000000800000000, 0x0000000800000000)
  eden space 353024K, 22% used [0x00000007d5560000,0x00000007da492e98,0x00000007eae20000)
  from space 168512K, 83% used [0x00000007f5b70000,0x00000007fe42b9a8,0x0000000800000000)
  to   space 172992K, 0% used [0x00000007eae20000,0x00000007eae20000,0x00000007f5710000)
 ParOldGen       total 383808K, used 306434K [0x0000000780000000, 0x00000007976d0000, 0x00000007d5560000)
  object space 383808K, 79% used [0x0000000780000000,0x0000000792b409f8,0x00000007976d0000)
 PSPermGen       total 215744K, used 174209K [0x0000000700000000, 0x000000070d2b0000, 0x0000000780000000)
  object space 215744K, 80% used [0x0000000700000000,0x000000070aa20488,0x000000070d2b0000)
GC Heap History (10 events):
Event: 2867.268 GC heap before
{Heap before GC invocations=62 (full 4):
 PSYoungGen      total 489344K, used 447462K [0x00000007d5560000, 0x00000007fdc40000, 0x0000000800000000)
  eden space 330368K, 100% used [0x00000007d5560000,0x00000007e9800000,0x00000007e9800000)
  from space 158976K, 73% used [0x00000007e9800000,0x00000007f0a59a38,0x00000007f3340000)
  to   space 158592K, 0% used [0x00000007f4160000,0x00000007f4160000,0x00000007fdc40000)
 ParOldGen       total 383808K, used 272088K [0x0000000780000000, 0x00000007976d0000, 0x00000007d5560000)
  object space 383808K, 70% used [0x0000000780000000,0x00000007909b6180,0x00000007976d0000)
 PSPermGen       total 215744K, used 154707K [0x0000000700000000, 0x000000070d2b0000, 0x0000000780000000)
  object space 215744K, 71% used [0x0000000700000000,0x0000000709714c08,0x000000070d2b0000)
Event: 2867.653 GC heap after
Heap after GC invocations=62 (full 4):
 PSYoungGen      total 498048K, used 117542K [0x00000007d5560000, 0x00000007fd8e0000, 0x0000000800000000)
  eden space 342912K, 0% used [0x00000007d5560000,0x00000007d5560000,0x00000007ea440000)
  from space 155136K, 75% used [0x00000007f4160000,0x00000007fb429a10,0x00000007fd8e0000)
  to   space 158016K, 0% used [0x00000007ea440000,0x00000007ea440000,0x00000007f3e90000)
 ParOldGen       total 383808K, used 274614K [0x0000000780000000, 0x00000007976d0000, 0x00000007d5560000)
  object space 383808K, 71% used [0x0000000780000000,0x0000000790c2dba0,0x00000007976d0000)
 PSPermGen       total 215744K, used 154707K [0x0000000700000000, 0x000000070d2b0000, 0x0000000780000000)
  object space 215744K, 71% used [0x0000000700000000,0x0000000709714c08,0x000000070d2b0000)
}
Event: 2880.524 GC heap before
{Heap before GC invocations=63 (full 4):
 PSYoungGen      total 498048K, used 460454K [0x00000007d5560000, 0x00000007fd8e0000, 0x0000000800000000)
  eden space 342912K, 100% used [0x00000007d5560000,0x00000007ea440000,0x00000007ea440000)
  from space 155136K, 75% used [0x00000007f4160000,0x00000007fb429a10,0x00000007fd8e0000)
  to   space 158016K, 0% used [0x00000007ea440000,0x00000007ea440000,0x00000007f3e90000)
 ParOldGen       total 383808K, used 274614K [0x0000000780000000, 0x00000007976d0000, 0x00000007d5560000)
  object space 383808K, 71% used [0x0000000780000000,0x0000000790c2dba0,0x00000007976d0000)
 PSPermGen       total 215744K, used 160109K [0x0000000700000000, 0x000000070d2b0000, 0x0000000780000000)
  object space 215744K, 74% used [0x0000000700000000,0x0000000709c5b490,0x000000070d2b0000)
Event: 2881.237 GC heap after
Heap after GC invocations=63 (full 4):
 PSYoungGen      total 500928K, used 134152K [0x00000007d5560000, 0x00000007ff8c0000, 0x0000000800000000)
  eden space 342912K, 0% used [0x00000007d5560000,0x00000007d5560000,0x00000007ea440000)
  from space 158016K, 84% used [0x00000007ea440000,0x00000007f27422b8,0x00000007f3e90000)
  to   space 163328K, 0% used [0x00000007f5940000,0x00000007f5940000,0x00000007ff8c0000)
 ParOldGen       total 383808K, used 275442K [0x0000000780000000, 0x00000007976d0000, 0x00000007d5560000)
  object space 383808K, 71% used [0x0000000780000000,0x0000000790cfc940,0x00000007976d0000)
 PSPermGen       total 215744K, used 160109K [0x0000000700000000, 0x000000070d2b0000, 0x0000000780000000)
  object space 215744K, 74% used [0x0000000700000000,0x0000000709c5b490,0x000000070d2b0000)
}
Event: 3270.402 GC heap before
{Heap before GC invocations=64 (full 4):
 PSYoungGen      total 500928K, used 477064K [0x00000007d5560000, 0x00000007ff8c0000, 0x0000000800000000)
  eden space 342912K, 100% used [0x00000007d5560000,0x00000007ea440000,0x00000007ea440000)
  from space 158016K, 84% used [0x00000007ea440000,0x00000007f27422b8,0x00000007f3e90000)
  to   space 163328K, 0% used [0x00000007f5940000,0x00000007f5940000,0x00000007ff8c0000)
 ParOldGen       total 383808K, used 275442K [0x0000000780000000, 0x00000007976d0000, 0x00000007d5560000)
  object space 383808K, 71% used [0x0000000780000000,0x0000000790cfc940,0x00000007976d0000)
 PSPermGen       total 215744K, used 163359K [0x0000000700000000, 0x000000070d2b0000, 0x0000000780000000)
  object space 215744K, 75% used [0x0000000700000000,0x0000000709f87e30,0x000000070d2b0000)
Event: 3270.862 GC heap after
Heap after GC invocations=64 (full 4):
 PSYoungGen      total 520576K, used 123434K [0x00000007d5560000, 0x00000007ff500000, 0x0000000800000000)
  eden space 361088K, 0% used [0x00000007d5560000,0x00000007d5560000,0x00000007eb600000)
  from space 159488K, 77% used [0x00000007f5940000,0x00000007fd1ca838,0x00000007ff500000)
  to   space 163328K, 0% used [0x00000007eb600000,0x00000007eb600000,0x00000007f5580000)
 ParOldGen       total 383808K, used 289875K [0x0000000780000000, 0x00000007976d0000, 0x00000007d5560000)
  object space 383808K, 75% used [0x0000000780000000,0x0000000791b14fb0,0x00000007976d0000)
 PSPermGen       total 215744K, used 163359K [0x0000000700000000, 0x000000070d2b0000, 0x0000000780000000)
  object space 215744K, 75% used [0x0000000700000000,0x0000000709f87e30,0x000000070d2b0000)
}
Event: 3290.809 GC heap before
{Heap before GC invocations=65 (full 4):
 PSYoungGen      total 520576K, used 484522K [0x00000007d5560000, 0x00000007ff500000, 0x0000000800000000)
  eden space 361088K, 100% used [0x00000007d5560000,0x00000007eb600000,0x00000007eb600000)
  from space 159488K, 77% used [0x00000007f5940000,0x00000007fd1ca838,0x00000007ff500000)
  to   space 163328K, 0% used [0x00000007eb600000,0x00000007eb600000,0x00000007f5580000)
 ParOldGen       total 383808K, used 289875K [0x0000000780000000, 0x00000007976d0000, 0x00000007d5560000)
  object space 383808K, 75% used [0x0000000780000000,0x0000000791b14fb0,0x00000007976d0000)
 PSPermGen       total 215744K, used 168790K [0x0000000700000000, 0x000000070d2b0000, 0x0000000780000000)
  object space 215744K, 78% used [0x0000000700000000,0x000000070a4d59c8,0x000000070d2b0000)
Event: 3291.383 GC heap after
Heap after GC invocations=65 (full 4):
 PSYoungGen      total 524416K, used 138609K [0x00000007d5560000, 0x0000000800000000, 0x0000000800000000)
  eden space 361088K, 0% used [0x00000007d5560000,0x00000007d5560000,0x00000007eb600000)
  from space 163328K, 84% used [0x00000007eb600000,0x00000007f3d5c620,0x00000007f5580000)
  to   space 168512K, 0% used [0x00000007f5b70000,0x00000007f5b70000,0x0000000800000000)
 ParOldGen       total 383808K, used 291248K [0x0000000780000000, 0x00000007976d0000, 0x00000007d5560000)
  object space 383808K, 75% used [0x0000000780000000,0x0000000791c6c020,0x00000007976d0000)
 PSPermGen       total 215744K, used 168790K [0x0000000700000000, 0x000000070d2b0000, 0x0000000780000000)
  object space 215744K, 78% used [0x0000000700000000,0x000000070a4d59c8,0x000000070d2b0000)
}
Event: 3325.310 GC heap before
{Heap before GC invocations=66 (full 4):
 PSYoungGen      total 524416K, used 499697K [0x00000007d5560000, 0x0000000800000000, 0x0000000800000000)
  eden space 361088K, 100% used [0x00000007d5560000,0x00000007eb600000,0x00000007eb600000)
  from space 163328K, 84% used [0x00000007eb600000,0x00000007f3d5c620,0x00000007f5580000)
  to   space 168512K, 0% used [0x00000007f5b70000,0x00000007f5b70000,0x0000000800000000)
 ParOldGen       total 383808K, used 291248K [0x0000000780000000, 0x00000007976d0000, 0x00000007d5560000)
  object space 383808K, 75% used [0x0000000780000000,0x0000000791c6c020,0x00000007976d0000)
 PSPermGen       total 215744K, used 173363K [0x0000000700000000, 0x000000070d2b0000, 0x0000000780000000)
  object space 215744K, 80% used [0x0000000700000000,0x000000070a94cf00,0x000000070d2b0000)
Event: 3325.933 GC heap after
Heap after GC invocations=66 (full 4):
 PSYoungGen      total 521536K, used 140014K [0x00000007d5560000, 0x0000000800000000, 0x0000000800000000)
  eden space 353024K, 0% used [0x00000007d5560000,0x00000007d5560000,0x00000007eae20000)
  from space 168512K, 83% used [0x00000007f5b70000,0x00000007fe42b9a8,0x0000000800000000)
  to   space 172992K, 0% used [0x00000007eae20000,0x00000007eae20000,0x00000007f5710000)
 ParOldGen       total 383808K, used 306434K [0x0000000780000000, 0x00000007976d0000, 0x00000007d5560000)
  object space 383808K, 79% used [0x0000000780000000,0x0000000792b409f8,0x00000007976d0000)
 PSPermGen       total 215744K, used 173363K [0x0000000700000000, 0x000000070d2b0000, 0x0000000780000000)
  object space 215744K, 80% used [0x0000000700000000,0x000000070a94cf00,0x000000070d2b0000)
}

