# JRE version: 7.0_13-b20
# Java VM: Java HotSpot(TM) 64-Bit Server VM (23.7-b01 mixed mode bsd-amd64 compressed oops)
Heap
 PSYoungGen      total 205824K, used 159903K [0x00000007d5560000, 0x00000007e7030000, 0x0000000800000000)
  eden space 160896K, 75% used [0x00000007d5560000,0x00000007dccaf990,0x00000007df280000)
  from space 44928K, 83% used [0x00000007df280000,0x00000007e1758318,0x00000007e1e60000)
  to   space 49088K, 0% used [0x00000007e4040000,0x00000007e4040000,0x00000007e7030000)
 ParOldGen       total 102656K, used 64598K [0x0000000780000000, 0x0000000786440000, 0x00000007d5560000)
  object space 102656K, 62% used [0x0000000780000000,0x0000000783f15ac8,0x0000000786440000)
 PSPermGen       total 43520K, used 43457K [0x0000000700000000, 0x0000000702a80000, 0x0000000780000000)
  object space 43520K, 99% used [0x0000000700000000,0x0000000702a70508,0x0000000702a80000)
GC Heap History (10 events):
Event: 7.031 GC heap before
{Heap before GC invocations=6 (full 1):
 PSYoungGen      total 95424K, used 91648K [0x00000007d5560000, 0x00000007db640000, 0x0000000800000000)
  eden space 91648K, 100% used [0x00000007d5560000,0x00000007daee0000,0x00000007daee0000)
  from space 3776K, 0% used [0x00000007db290000,0x00000007db290000,0x00000007db640000)
  to   space 3776K, 0% used [0x00000007daee0000,0x00000007daee0000,0x00000007db290000)
 ParOldGen       total 102656K, used 39823K [0x0000000780000000, 0x0000000786440000, 0x00000007d5560000)
  object space 102656K, 38% used [0x0000000780000000,0x00000007826e3dd0,0x0000000786440000)
 PSPermGen       total 30464K, used 18566K [0x0000000700000000, 0x0000000701dc0000, 0x0000000780000000)
  object space 30464K, 60% used [0x0000000700000000,0x0000000701221a78,0x0000000701dc0000)
Event: 7.144 GC heap after
Heap after GC invocations=6 (full 1):
 PSYoungGen      total 95424K, used 3744K [0x00000007d5560000, 0x00000007e18b0000, 0x0000000800000000)
  eden space 91648K, 0% used [0x00000007d5560000,0x00000007d5560000,0x00000007daee0000)
  from space 3776K, 99% used [0x00000007daee0000,0x00000007db288020,0x00000007db290000)
  to   space 37376K, 0% used [0x00000007df430000,0x00000007df430000,0x00000007e18b0000)
 ParOldGen       total 102656K, used 64598K [0x0000000780000000, 0x0000000786440000, 0x00000007d5560000)
  object space 102656K, 62% used [0x0000000780000000,0x0000000783f15ac8,0x0000000786440000)
 PSPermGen       total 30464K, used 18566K [0x0000000700000000, 0x0000000701dc0000, 0x0000000780000000)
  object space 30464K, 60% used [0x0000000700000000,0x0000000701221a78,0x0000000701dc0000)
}
Event: 8.568 GC heap before
{Heap before GC invocations=7 (full 1):
 PSYoungGen      total 95424K, used 95392K [0x00000007d5560000, 0x00000007e18b0000, 0x0000000800000000)
  eden space 91648K, 100% used [0x00000007d5560000,0x00000007daee0000,0x00000007daee0000)
  from space 3776K, 99% used [0x00000007daee0000,0x00000007db288020,0x00000007db290000)
  to   space 37376K, 0% used [0x00000007df430000,0x00000007df430000,0x00000007e18b0000)
 ParOldGen       total 102656K, used 64598K [0x0000000780000000, 0x0000000786440000, 0x00000007d5560000)
  object space 102656K, 62% used [0x0000000780000000,0x0000000783f15ac8,0x0000000786440000)
 PSPermGen       total 30464K, used 20225K [0x0000000700000000, 0x0000000701dc0000, 0x0000000780000000)
  object space 30464K, 66% used [0x0000000700000000,0x00000007013c0558,0x0000000701dc0000)
Event: 8.651 GC heap after
Heap after GC invocations=7 (full 1):
 PSYoungGen      total 161600K, used 23710K [0x00000007d5560000, 0x00000007e1950000, 0x0000000800000000)
  eden space 124224K, 0% used [0x00000007d5560000,0x00000007d5560000,0x00000007dceb0000)
  from space 37376K, 63% used [0x00000007df430000,0x00000007e0b57840,0x00000007e18b0000)
  to   space 38208K, 0% used [0x00000007dceb0000,0x00000007dceb0000,0x00000007df400000)
 ParOldGen       total 102656K, used 64598K [0x0000000780000000, 0x0000000786440000, 0x00000007d5560000)
  object space 102656K, 62% used [0x0000000780000000,0x0000000783f15ac8,0x0000000786440000)
 PSPermGen       total 30464K, used 20225K [0x0000000700000000, 0x0000000701dc0000, 0x0000000780000000)
  object space 30464K, 66% used [0x0000000700000000,0x00000007013c0558,0x0000000701dc0000)
}
Event: 11.579 GC heap before
{Heap before GC invocations=8 (full 1):
 PSYoungGen      total 161600K, used 147934K [0x00000007d5560000, 0x00000007e1950000, 0x0000000800000000)
  eden space 124224K, 100% used [0x00000007d5560000,0x00000007dceb0000,0x00000007dceb0000)
  from space 37376K, 63% used [0x00000007df430000,0x00000007e0b57840,0x00000007e18b0000)
  to   space 38208K, 0% used [0x00000007dceb0000,0x00000007dceb0000,0x00000007df400000)
 ParOldGen       total 102656K, used 64598K [0x0000000780000000, 0x0000000786440000, 0x00000007d5560000)
  object space 102656K, 62% used [0x0000000780000000,0x0000000783f15ac8,0x0000000786440000)
 PSPermGen       total 30464K, used 24693K [0x0000000700000000, 0x0000000701dc0000, 0x0000000780000000)
  object space 30464K, 81% used [0x0000000700000000,0x000000070181d4d8,0x0000000701dc0000)
Event: 11.677 GC heap after
Heap after GC invocations=8 (full 1):
 PSYoungGen      total 162432K, used 29240K [0x00000007d5560000, 0x00000007e46a0000, 0x0000000800000000)
  eden space 124224K, 0% used [0x00000007d5560000,0x00000007d5560000,0x00000007dceb0000)
  from space 38208K, 76% used [0x00000007dceb0000,0x00000007deb3e050,0x00000007df400000)
  to   space 41216K, 0% used [0x00000007e1e60000,0x00000007e1e60000,0x00000007e46a0000)
 ParOldGen       total 102656K, used 64598K [0x0000000780000000, 0x0000000786440000, 0x00000007d5560000)
  object space 102656K, 62% used [0x0000000780000000,0x0000000783f15ac8,0x0000000786440000)
 PSPermGen       total 30464K, used 24693K [0x0000000700000000, 0x0000000701dc0000, 0x0000000780000000)
  object space 30464K, 81% used [0x0000000700000000,0x000000070181d4d8,0x0000000701dc0000)
}
Event: 13.652 GC heap before
{Heap before GC invocations=9 (full 1):
 PSYoungGen      total 162432K, used 153464K [0x00000007d5560000, 0x00000007e46a0000, 0x0000000800000000)
  eden space 124224K, 100% used [0x00000007d5560000,0x00000007dceb0000,0x00000007dceb0000)
  from space 38208K, 76% used [0x00000007dceb0000,0x00000007deb3e050,0x00000007df400000)
  to   space 41216K, 0% used [0x00000007e1e60000,0x00000007e1e60000,0x00000007e46a0000)
 ParOldGen       total 102656K, used 64598K [0x0000000780000000, 0x0000000786440000, 0x00000007d5560000)
  object space 102656K, 62% used [0x0000000780000000,0x0000000783f15ac8,0x0000000786440000)
 PSPermGen       total 30464K, used 29159K [0x0000000700000000, 0x0000000701dc0000, 0x0000000780000000)
  object space 30464K, 95% used [0x0000000700000000,0x0000000701c79e80,0x0000000701dc0000)
Event: 13.829 GC heap after
Heap after GC invocations=9 (full 1):
 PSYoungGen      total 202112K, used 33680K [0x00000007d5560000, 0x00000007e50b0000, 0x0000000800000000)
  eden space 160896K, 0% used [0x00000007d5560000,0x00000007d5560000,0x00000007df280000)
  from space 41216K, 81% used [0x00000007e1e60000,0x00000007e3f44230,0x00000007e46a0000)
  to   space 44928K, 0% used [0x00000007df280000,0x00000007df280000,0x00000007e1e60000)
 ParOldGen       total 102656K, used 64598K [0x0000000780000000, 0x0000000786440000, 0x00000007d5560000)
  object space 102656K, 62% used [0x0000000780000000,0x0000000783f15ac8,0x0000000786440000)
 PSPermGen       total 30464K, used 29159K [0x0000000700000000, 0x0000000701dc0000, 0x0000000780000000)
  object space 30464K, 95% used [0x0000000700000000,0x0000000701c79e80,0x0000000701dc0000)
}
Event: 17.387 GC heap before
{Heap before GC invocations=10 (full 1):
 PSYoungGen      total 202112K, used 194576K [0x00000007d5560000, 0x00000007e50b0000, 0x0000000800000000)
  eden space 160896K, 100% used [0x00000007d5560000,0x00000007df280000,0x00000007df280000)
  from space 41216K, 81% used [0x00000007e1e60000,0x00000007e3f44230,0x00000007e46a0000)
  to   space 44928K, 0% used [0x00000007df280000,0x00000007df280000,0x00000007e1e60000)
 ParOldGen       total 102656K, used 64598K [0x0000000780000000, 0x0000000786440000, 0x00000007d5560000)
  object space 102656K, 62% used [0x0000000780000000,0x0000000783f15ac8,0x0000000786440000)
 PSPermGen       total 39104K, used 38922K [0x0000000700000000, 0x0000000702630000, 0x0000000780000000)
  object space 39104K, 99% used [0x0000000700000000,0x0000000702602ab8,0x0000000702630000)
Event: 17.493 GC heap after
Heap after GC invocations=10 (full 1):
 PSYoungGen      total 205824K, used 37728K [0x00000007d5560000, 0x00000007e7030000, 0x0000000800000000)
  eden space 160896K, 0% used [0x00000007d5560000,0x00000007d5560000,0x00000007df280000)
  from space 44928K, 83% used [0x00000007df280000,0x00000007e1758318,0x00000007e1e60000)
  to   space 49088K, 0% used [0x00000007e4040000,0x00000007e4040000,0x00000007e7030000)
 ParOldGen       total 102656K, used 64598K [0x0000000780000000, 0x0000000786440000, 0x00000007d5560000)
  object space 102656K, 62% used [0x0000000780000000,0x0000000783f15ac8,0x0000000786440000)
 PSPermGen       total 39104K, used 38922K [0x0000000700000000, 0x0000000702630000, 0x0000000780000000)
  object space 39104K, 99% used [0x0000000700000000,0x0000000702602ab8,0x0000000702630000)
}

